[ 2015-10-14T20:25:33+08:00 ] 127.0.0.1 /
INFO: [ app_init ] --START--
INFO: Run Behavior\BuildLiteBehavior [ RunTime:0.000111s ]
INFO: [ app_init ] --END-- [ RunTime:0.030073s ]
INFO: [ app_begin ] --START--
INFO: Run Behavior\ReadHtmlCacheBehavior [ RunTime:0.005376s ]
INFO: [ app_begin ] --END-- [ RunTime:0.005641s ]

[ 2015-10-14T20:25:33+08:00 ] 127.0.0.1 /index.php/Home/Index/login.html
INFO: [ app_init ] --START--
INFO: Run Behavior\BuildLiteBehavior [ RunTime:0.000036s ]
INFO: [ app_init ] --END-- [ RunTime:0.000989s ]
INFO: [ app_begin ] --START--
INFO: Run Behavior\ReadHtmlCacheBehavior [ RunTime:0.002434s ]
INFO: [ app_begin ] --END-- [ RunTime:0.002597s ]
INFO: [ view_parse ] --START--
INFO: [ template_filter ] --START--
INFO: Run Behavior\ContentReplaceBehavior [ RunTime:0.000243s ]
INFO: [ template_filter ] --END-- [ RunTime:0.000440s ]
INFO: Run Behavior\ParseTemplateBehavior [ RunTime:0.129613s ]
INFO: [ view_parse ] --END-- [ RunTime:0.129782s ]
INFO: [ view_filter ] --START--
INFO: Run Behavior\WriteHtmlCacheBehavior [ RunTime:0.013598s ]
INFO: [ view_filter ] --END-- [ RunTime:0.013729s ]
INFO: [ app_end ] --START--
INFO: Run Behavior\ShowPageTraceBehavior [ RunTime:0.008216s ]
INFO: [ app_end ] --END-- [ RunTime:0.008321s ]

[ 2015-10-14T20:26:10+08:00 ] 127.0.0.1 /index.php/Home/Index/login.html
INFO: [ app_init ] --START--
INFO: Run Behavior\BuildLiteBehavior [ RunTime:0.000019s ]
INFO: [ app_init ] --END-- [ RunTime:0.000573s ]
INFO: [ app_begin ] --START--
INFO: Run Behavior\ReadHtmlCacheBehavior [ RunTime:0.000843s ]
INFO: [ app_begin ] --END-- [ RunTime:0.000906s ]
SQL: SELECT   column_name,   data_type,   column_default,   is_nullable
        FROM    information_schema.tables AS t
        JOIN    information_schema.columns AS c
        ON  t.table_catalog = c.table_catalog
        AND t.table_schema  = c.table_schema
        AND t.table_name    = c.table_name
        WHERE   t.table_name = 'sys_user' [ RunTime:0.0598s ]
SQL: SELECT T1.* FROM (SELECT thinkphp.*, ROW_NUMBER() OVER ( ORDER BY rand()) AS ROW_NUMBER FROM (SELECT  [user_id],[login_name],[login_pwd],[user_kind],[org_schoolcode],[org_id],[input_name],[input_sex],[input_unit] FROM [sys_user] WHERE [login_name] = 'h210001' ) AS thinkphp) AS T1 WHERE (T1.ROW_NUMBER BETWEEN 1 AND 1) [ RunTime:0.0091s ]
NOTIC: [8] Undefined index: is_del D:\www\tizhi_new.cc\Application\Home\Model\SysUserModel.class.php 第 12 行.
SQL: SELECT   column_name,   data_type,   column_default,   is_nullable
        FROM    information_schema.tables AS t
        JOIN    information_schema.columns AS c
        ON  t.table_catalog = c.table_catalog
        AND t.table_schema  = c.table_schema
        AND t.table_name    = c.table_name
        WHERE   t.table_name = 'sys_dict' [ RunTime:0.0088s ]
SQL: SELECT T1.* FROM (SELECT thinkphp.*, ROW_NUMBER() OVER ( ORDER BY rand()) AS ROW_NUMBER FROM (SELECT  * FROM [sys_dict] WHERE ( dict_type=0 ) ) AS thinkphp) AS T1  [ RunTime:0.0085s ]
SQL: SELECT T1.* FROM (SELECT thinkphp.*, ROW_NUMBER() OVER ( ORDER BY rand()) AS ROW_NUMBER FROM (SELECT  * FROM [sys_dict] WHERE ( dict_type=106 ) ) AS thinkphp) AS T1  [ RunTime:0.0088s ]
SQL: SELECT T1.* FROM (SELECT thinkphp.*, ROW_NUMBER() OVER ( ORDER BY rand()) AS ROW_NUMBER FROM (SELECT  * FROM [sys_dict] WHERE ( dict_type=109 ) ) AS thinkphp) AS T1  [ RunTime:0.0080s ]
SQL: SELECT T1.* FROM (SELECT thinkphp.*, ROW_NUMBER() OVER ( ORDER BY rand()) AS ROW_NUMBER FROM (SELECT  * FROM [sys_dict] WHERE ( dict_type=140 ) ) AS thinkphp) AS T1  [ RunTime:0.0089s ]
SQL: SELECT T1.* FROM (SELECT thinkphp.*, ROW_NUMBER() OVER ( ORDER BY rand()) AS ROW_NUMBER FROM (SELECT  * FROM [sys_dict] WHERE ( dict_type=201 ) ) AS thinkphp) AS T1  [ RunTime:0.0088s ]
SQL: SELECT T1.* FROM (SELECT thinkphp.*, ROW_NUMBER() OVER ( ORDER BY rand()) AS ROW_NUMBER FROM (SELECT  * FROM [sys_dict] WHERE ( dict_type=150 ) ) AS thinkphp) AS T1  [ RunTime:0.0084s ]
SQL: SELECT T1.* FROM (SELECT thinkphp.*, ROW_NUMBER() OVER ( ORDER BY rand()) AS ROW_NUMBER FROM (SELECT  * FROM [sys_dict] WHERE ( dict_type=203 ) ) AS thinkphp) AS T1  [ RunTime:0.0085s ]
SQL: SELECT T1.* FROM (SELECT thinkphp.*, ROW_NUMBER() OVER ( ORDER BY rand()) AS ROW_NUMBER FROM (SELECT  * FROM [sys_dict] WHERE ( dict_type=206 ) ) AS thinkphp) AS T1  [ RunTime:0.0088s ]
SQL: SELECT T1.* FROM (SELECT thinkphp.*, ROW_NUMBER() OVER ( ORDER BY rand()) AS ROW_NUMBER FROM (SELECT  * FROM [sys_dict] WHERE ( dict_type=204 ) ) AS thinkphp) AS T1  [ RunTime:0.0087s ]
SQL: SELECT T1.* FROM (SELECT thinkphp.*, ROW_NUMBER() OVER ( ORDER BY rand()) AS ROW_NUMBER FROM (SELECT  * FROM [sys_dict] WHERE ( dict_type=205 ) ) AS thinkphp) AS T1  [ RunTime:0.0085s ]
SQL: SELECT   column_name,   data_type,   column_default,   is_nullable
        FROM    information_schema.tables AS t
        JOIN    information_schema.columns AS c
        ON  t.table_catalog = c.table_catalog
        AND t.table_schema  = c.table_schema
        AND t.table_name    = c.table_name
        WHERE   t.table_name = 'dict_folk' [ RunTime:0.0091s ]
SQL: SELECT T1.* FROM (SELECT thinkphp.*, ROW_NUMBER() OVER ( ORDER BY rand()) AS ROW_NUMBER FROM (SELECT  * FROM [dict_folk] ) AS thinkphp) AS T1  [ RunTime:0.0087s ]
SQL: SELECT   column_name,   data_type,   column_default,   is_nullable
        FROM    information_schema.tables AS t
        JOIN    information_schema.columns AS c
        ON  t.table_catalog = c.table_catalog
        AND t.table_schema  = c.table_schema
        AND t.table_name    = c.table_name
        WHERE   t.table_name = 'dict_grade' [ RunTime:0.0087s ]
SQL: SELECT T1.* FROM (SELECT thinkphp.*, ROW_NUMBER() OVER ( ORDER BY grade_id) AS ROW_NUMBER FROM (SELECT  * FROM [dict_grade] ) AS thinkphp) AS T1  [ RunTime:0.0082s ]
SQL: SELECT   column_name,   data_type,   column_default,   is_nullable
        FROM    information_schema.tables AS t
        JOIN    information_schema.columns AS c
        ON  t.table_catalog = c.table_catalog
        AND t.table_schema  = c.table_schema
        AND t.table_name    = c.table_name
        WHERE   t.table_name = 'school_year' [ RunTime:0.0090s ]
SQL: SELECT T1.* FROM (SELECT thinkphp.*, ROW_NUMBER() OVER ( ORDER BY rand()) AS ROW_NUMBER FROM (SELECT  * FROM [school_year] WHERE ( used_year = 1 ) ) AS thinkphp) AS T1 WHERE (T1.ROW_NUMBER BETWEEN 1 AND 1) [ RunTime:0.0087s ]
SQL: SELECT   column_name,   data_type,   column_default,   is_nullable
        FROM    information_schema.tables AS t
        JOIN    information_schema.columns AS c
        ON  t.table_catalog = c.table_catalog
        AND t.table_schema  = c.table_schema
        AND t.table_name    = c.table_name
        WHERE   t.table_name = 'town' [ RunTime:0.0089s ]
SQL: SELECT T1.* FROM (SELECT thinkphp.*, ROW_NUMBER() OVER ( ORDER BY rand()) AS ROW_NUMBER FROM (SELECT  t.* FROM town t LEFT JOIN school s ON s.town_id = t.town_id  WHERE ( s.school_code = '01010246' AND s.year_year = 2015 ) ) AS thinkphp) AS T1  [ RunTime:0.0088s ]
SQL: SELECT   column_name,   data_type,   column_default,   is_nullable
        FROM    information_schema.tables AS t
        JOIN    information_schema.columns AS c
        ON  t.table_catalog = c.table_catalog
        AND t.table_schema  = c.table_schema
        AND t.table_name    = c.table_name
        WHERE   t.table_name = 'school' [ RunTime:0.0090s ]
SQL: SELECT T1.* FROM (SELECT thinkphp.*, ROW_NUMBER() OVER ( ORDER BY rand()) AS ROW_NUMBER FROM (SELECT  [school_id],[school_code],[school_name],[town_id] FROM [school] WHERE ( school_code = '01010246' AND year_year = 2015 ) ) AS thinkphp) AS T1  [ RunTime:0.0084s ]
SQL: SELECT   column_name,   data_type,   column_default,   is_nullable
        FROM    information_schema.tables AS t
        JOIN    information_schema.columns AS c
        ON  t.table_catalog = c.table_catalog
        AND t.table_schema  = c.table_schema
        AND t.table_name    = c.table_name
        WHERE   t.table_name = 'student_score' [ RunTime:0.0093s ]
NOTIC: [8] Array to string conversion D:\www\tizhi_new.cc\Application\Home\Model\StudentScoreModel.class.php 第 9 行.
SQL: SELECT T1.* FROM (SELECT thinkphp.*, ROW_NUMBER() OVER ( ORDER BY rand()) AS ROW_NUMBER FROM (SELECT  sc.school_grade FROM student_score sc LEFT JOIN school s ON s.school_id = sc.school_id  WHERE ( sc.partition_field = 110101 AND  s.school_id = 1010246 AND s.is_del = 0 AND sc.is_del = 0 ) GROUP BY school_grade ) AS thinkphp) AS T1  [ RunTime:0.0101s ]
SQL: SELECT   column_name,   data_type,   column_default,   is_nullable
        FROM    information_schema.tables AS t
        JOIN    information_schema.columns AS c
        ON  t.table_catalog = c.table_catalog
        AND t.table_schema  = c.table_schema
        AND t.table_name    = c.table_name
        WHERE   t.table_name = 'sys_func' [ RunTime:0.0086s ]
SQL: SELECT T1.* FROM (SELECT thinkphp.*, ROW_NUMBER() OVER ( ORDER BY func_order) AS ROW_NUMBER FROM (SELECT  [func_id],[func_name],[url],[func_order] FROM [sys_func] WHERE ( func_level = 1 ) ) AS thinkphp) AS T1  [ RunTime:0.0086s ]
SQL: SELECT T1.* FROM (SELECT thinkphp.*, ROW_NUMBER() OVER ( ORDER BY func_order) AS ROW_NUMBER FROM (SELECT  su.func_id,su.func_name,su.url,su.func_order FROM sys_func su LEFT JOIN role_func rf ON rf.func_id = su.func_id  WHERE ( rf.role_id = 109030 AND su.par_func_id = 1 ) ) AS thinkphp) AS T1  [ RunTime:0.0088s ]
SQL: SELECT T1.* FROM (SELECT thinkphp.*, ROW_NUMBER() OVER ( ORDER BY func_order) AS ROW_NUMBER FROM (SELECT  su.func_id,su.func_name,su.url,su.func_order FROM sys_func su LEFT JOIN role_func rf ON rf.func_id = su.func_id  WHERE ( rf.role_id = 109030 AND su.par_func_id = 2 ) ) AS thinkphp) AS T1  [ RunTime:0.0085s ]
SQL: SELECT T1.* FROM (SELECT thinkphp.*, ROW_NUMBER() OVER ( ORDER BY func_order) AS ROW_NUMBER FROM (SELECT  su.func_id,su.func_name,su.url,su.func_order FROM sys_func su LEFT JOIN role_func rf ON rf.func_id = su.func_id  WHERE ( rf.role_id = 109030 AND su.par_func_id = 4 ) ) AS thinkphp) AS T1  [ RunTime:0.0085s ]
SQL: SELECT T1.* FROM (SELECT thinkphp.*, ROW_NUMBER() OVER ( ORDER BY func_order) AS ROW_NUMBER FROM (SELECT  su.func_id,su.func_name,su.url,su.func_order FROM sys_func su LEFT JOIN role_func rf ON rf.func_id = su.func_id  WHERE ( rf.role_id = 109030 AND su.par_func_id = 12 ) ) AS thinkphp) AS T1  [ RunTime:0.0086s ]
SQL: SELECT T1.* FROM (SELECT thinkphp.*, ROW_NUMBER() OVER ( ORDER BY func_order) AS ROW_NUMBER FROM (SELECT  su.func_id,su.func_name,su.url,su.func_order FROM sys_func su LEFT JOIN role_func rf ON rf.func_id = su.func_id  WHERE ( rf.role_id = 109030 AND su.par_func_id = 20 ) ) AS thinkphp) AS T1  [ RunTime:0.0086s ]
SQL: SELECT T1.* FROM (SELECT thinkphp.*, ROW_NUMBER() OVER ( ORDER BY func_order) AS ROW_NUMBER FROM (SELECT  su.func_id,su.func_name,su.url,su.func_order FROM sys_func su LEFT JOIN role_func rf ON rf.func_id = su.func_id  WHERE ( rf.role_id = 109030 AND su.par_func_id = 24 ) ) AS thinkphp) AS T1  [ RunTime:0.0084s ]
SQL: SELECT T1.* FROM (SELECT thinkphp.*, ROW_NUMBER() OVER ( ORDER BY func_order) AS ROW_NUMBER FROM (SELECT  su.func_id,su.func_name,su.url,su.func_order FROM sys_func su LEFT JOIN role_func rf ON rf.func_id = su.func_id  WHERE ( rf.role_id = 109030 AND su.par_func_id = 30 ) ) AS thinkphp) AS T1  [ RunTime:0.0088s ]
SQL: SELECT T1.* FROM (SELECT thinkphp.*, ROW_NUMBER() OVER ( ORDER BY rand()) AS ROW_NUMBER FROM (SELECT  su.url FROM sys_func su LEFT JOIN role_func rf ON rf.func_id = su.func_id  WHERE ( rf.role_id = 109030 ) ) AS thinkphp) AS T1  [ RunTime:0.0086s ]

[ 2015-10-14T20:26:11+08:00 ] 127.0.0.1 /index.php/Home/Index/index.html
INFO: [ app_init ] --START--
INFO: Run Behavior\BuildLiteBehavior [ RunTime:0.000025s ]
INFO: [ app_init ] --END-- [ RunTime:0.000582s ]
INFO: [ app_begin ] --START--
INFO: Run Behavior\ReadHtmlCacheBehavior [ RunTime:0.000753s ]
INFO: [ app_begin ] --END-- [ RunTime:0.000826s ]
SQL: SELECT   column_name,   data_type,   column_default,   is_nullable
        FROM    information_schema.tables AS t
        JOIN    information_schema.columns AS c
        ON  t.table_catalog = c.table_catalog
        AND t.table_schema  = c.table_schema
        AND t.table_name    = c.table_name
        WHERE   t.table_name = 'school' [ RunTime:0.0089s ]
SQL: SELECT T1.* FROM (SELECT thinkphp.*, ROW_NUMBER() OVER ( ORDER BY rand()) AS ROW_NUMBER FROM (SELECT  [school_id],[school_code],[school_name],[town_id] FROM [school] WHERE ( school_code = '01010246' AND year_year = 2015 ) ) AS thinkphp) AS T1 WHERE (T1.ROW_NUMBER BETWEEN 1 AND 1) [ RunTime:0.0076s ]
SQL: SELECT   column_name,   data_type,   column_default,   is_nullable
        FROM    information_schema.tables AS t
        JOIN    information_schema.columns AS c
        ON  t.table_catalog = c.table_catalog
        AND t.table_schema  = c.table_schema
        AND t.table_name    = c.table_name
        WHERE   t.table_name = 'article' [ RunTime:0.0089s ]
SQL: SELECT T1.* FROM (SELECT thinkphp.*, ROW_NUMBER() OVER ( ORDER BY rand()) AS ROW_NUMBER FROM (SELECT  COUNT(*) AS tp_count FROM article ar WHERE ar.can_display = 1 ) AS thinkphp) AS T1 WHERE (T1.ROW_NUMBER BETWEEN 1 AND 1) [ RunTime:0.0083s ]
SQL: SELECT T1.* FROM (SELECT thinkphp.*, ROW_NUMBER() OVER ( ORDER BY publish_time DESC) AS ROW_NUMBER FROM (SELECT  ar.article_id,ar.own_part,ar.article_title,ar.can_display,ar.publish_time,ar.publish_login_name,dc.dict_name FROM article ar LEFT JOIN sys_dict dc ON dc.dict_id = ar.own_part  WHERE ar.can_display = 1 ) AS thinkphp) AS T1 WHERE (T1.ROW_NUMBER BETWEEN 0 + 1 AND 0 + 20) [ RunTime:0.0095s ]
INFO: [ view_parse ] --START--
INFO: [ template_filter ] --START--
INFO: Run Behavior\ContentReplaceBehavior [ RunTime:0.000107s ]
INFO: [ template_filter ] --END-- [ RunTime:0.000161s ]
INFO: Run Behavior\ParseTemplateBehavior [ RunTime:0.046697s ]
INFO: [ view_parse ] --END-- [ RunTime:0.046772s ]
INFO: [ view_filter ] --START--
INFO: Run Behavior\WriteHtmlCacheBehavior [ RunTime:0.000930s ]
INFO: [ view_filter ] --END-- [ RunTime:0.000986s ]
INFO: [ app_end ] --START--
INFO: Run Behavior\ShowPageTraceBehavior [ RunTime:0.001224s ]
INFO: [ app_end ] --END-- [ RunTime:0.001290s ]

[ 2015-10-14T20:26:15+08:00 ] 127.0.0.1 /index.php/Home/Up/historyPhyData.html
INFO: [ app_init ] --START--
INFO: Run Behavior\BuildLiteBehavior [ RunTime:0.000021s ]
INFO: [ app_init ] --END-- [ RunTime:0.000724s ]
INFO: [ app_begin ] --START--
INFO: Run Behavior\ReadHtmlCacheBehavior [ RunTime:0.000830s ]
INFO: [ app_begin ] --END-- [ RunTime:0.000898s ]
SQL: SELECT   column_name,   data_type,   column_default,   is_nullable
        FROM    information_schema.tables AS t
        JOIN    information_schema.columns AS c
        ON  t.table_catalog = c.table_catalog
        AND t.table_schema  = c.table_schema
        AND t.table_name    = c.table_name
        WHERE   t.table_name = 'school' [ RunTime:0.0086s ]
SQL: SELECT T1.* FROM (SELECT thinkphp.*, ROW_NUMBER() OVER ( ORDER BY rand()) AS ROW_NUMBER FROM (SELECT  [school_id],[school_code],[school_name],[town_id] FROM [school] WHERE ( school_code = '01010246' AND year_year = 2015 ) ) AS thinkphp) AS T1 WHERE (T1.ROW_NUMBER BETWEEN 1 AND 1) [ RunTime:0.0086s ]
SQL: SELECT   column_name,   data_type,   column_default,   is_nullable
        FROM    information_schema.tables AS t
        JOIN    information_schema.columns AS c
        ON  t.table_catalog = c.table_catalog
        AND t.table_schema  = c.table_schema
        AND t.table_name    = c.table_name
        WHERE   t.table_name = 'school_year' [ RunTime:0.0086s ]
SQL: SELECT T1.* FROM (SELECT thinkphp.*, ROW_NUMBER() OVER ( ORDER BY year_year DESC) AS ROW_NUMBER FROM (SELECT  * FROM [school_year] ) AS thinkphp) AS T1  [ RunTime:0.0083s ]
INFO: [ app_end ] --START--
INFO: Run Behavior\ShowPageTraceBehavior [ RunTime:0.001566s ]
INFO: [ app_end ] --END-- [ RunTime:0.001646s ]

[ 2015-10-14T20:27:24+08:00 ] 127.0.0.1 /index.php/Home/Index/index.html
INFO: [ app_init ] --START--
INFO: Run Behavior\BuildLiteBehavior [ RunTime:0.000022s ]
INFO: [ app_init ] --END-- [ RunTime:0.000551s ]
INFO: [ app_begin ] --START--
INFO: Run Behavior\ReadHtmlCacheBehavior [ RunTime:0.000949s ]
INFO: [ app_begin ] --END-- [ RunTime:0.001045s ]
SQL: SELECT   column_name,   data_type,   column_default,   is_nullable
        FROM    information_schema.tables AS t
        JOIN    information_schema.columns AS c
        ON  t.table_catalog = c.table_catalog
        AND t.table_schema  = c.table_schema
        AND t.table_name    = c.table_name
        WHERE   t.table_name = 'school' [ RunTime:0.0089s ]
SQL: SELECT T1.* FROM (SELECT thinkphp.*, ROW_NUMBER() OVER ( ORDER BY rand()) AS ROW_NUMBER FROM (SELECT  [school_id],[school_code],[school_name],[town_id] FROM [school] WHERE ( school_code = '01010246' AND year_year = 2015 ) ) AS thinkphp) AS T1 WHERE (T1.ROW_NUMBER BETWEEN 1 AND 1) [ RunTime:0.0087s ]
SQL: SELECT   column_name,   data_type,   column_default,   is_nullable
        FROM    information_schema.tables AS t
        JOIN    information_schema.columns AS c
        ON  t.table_catalog = c.table_catalog
        AND t.table_schema  = c.table_schema
        AND t.table_name    = c.table_name
        WHERE   t.table_name = 'article' [ RunTime:0.0090s ]
SQL: SELECT T1.* FROM (SELECT thinkphp.*, ROW_NUMBER() OVER ( ORDER BY rand()) AS ROW_NUMBER FROM (SELECT  COUNT(*) AS tp_count FROM article ar WHERE ar.can_display = 1 ) AS thinkphp) AS T1 WHERE (T1.ROW_NUMBER BETWEEN 1 AND 1) [ RunTime:0.0083s ]
SQL: SELECT T1.* FROM (SELECT thinkphp.*, ROW_NUMBER() OVER ( ORDER BY publish_time DESC) AS ROW_NUMBER FROM (SELECT  ar.article_id,ar.own_part,ar.article_title,ar.can_display,ar.publish_time,ar.publish_login_name,dc.dict_name FROM article ar LEFT JOIN sys_dict dc ON dc.dict_id = ar.own_part  WHERE ar.can_display = 1 ) AS thinkphp) AS T1 WHERE (T1.ROW_NUMBER BETWEEN 0 + 1 AND 0 + 20) [ RunTime:0.0095s ]
INFO: [ view_parse ] --START--
INFO: [ template_filter ] --START--
INFO: Run Behavior\ContentReplaceBehavior [ RunTime:0.000242s ]
INFO: [ template_filter ] --END-- [ RunTime:0.000393s ]
INFO: Run Behavior\ParseTemplateBehavior [ RunTime:0.053116s ]
INFO: [ view_parse ] --END-- [ RunTime:0.053245s ]
INFO: [ view_filter ] --START--
INFO: Run Behavior\WriteHtmlCacheBehavior [ RunTime:0.001275s ]
INFO: [ view_filter ] --END-- [ RunTime:0.001366s ]
INFO: [ app_end ] --START--
INFO: Run Behavior\ShowPageTraceBehavior [ RunTime:0.002989s ]
INFO: [ app_end ] --END-- [ RunTime:0.003150s ]

[ 2015-10-14T20:27:26+08:00 ] 127.0.0.1 /index.php/Home/Show/upNum.html
INFO: [ app_init ] --START--
INFO: Run Behavior\BuildLiteBehavior [ RunTime:0.000021s ]
INFO: [ app_init ] --END-- [ RunTime:0.000665s ]
INFO: [ app_begin ] --START--
INFO: Run Behavior\ReadHtmlCacheBehavior [ RunTime:0.000849s ]
INFO: [ app_begin ] --END-- [ RunTime:0.000917s ]
SQL: SELECT   column_name,   data_type,   column_default,   is_nullable
        FROM    information_schema.tables AS t
        JOIN    information_schema.columns AS c
        ON  t.table_catalog = c.table_catalog
        AND t.table_schema  = c.table_schema
        AND t.table_name    = c.table_name
        WHERE   t.table_name = 'school' [ RunTime:0.0092s ]
SQL: SELECT T1.* FROM (SELECT thinkphp.*, ROW_NUMBER() OVER ( ORDER BY rand()) AS ROW_NUMBER FROM (SELECT  [school_id],[school_code],[school_name],[town_id] FROM [school] WHERE ( school_code = '01010246' AND year_year = 2015 ) ) AS thinkphp) AS T1 WHERE (T1.ROW_NUMBER BETWEEN 1 AND 1) [ RunTime:0.0088s ]
SQL: SELECT   column_name,   data_type,   column_default,   is_nullable
        FROM    information_schema.tables AS t
        JOIN    information_schema.columns AS c
        ON  t.table_catalog = c.table_catalog
        AND t.table_schema  = c.table_schema
        AND t.table_name    = c.table_name
        WHERE   t.table_name = 'school_year' [ RunTime:0.0085s ]
SQL: SELECT T1.* FROM (SELECT thinkphp.*, ROW_NUMBER() OVER ( ORDER BY year_year DESC) AS ROW_NUMBER FROM (SELECT  * FROM [school_year] ) AS thinkphp) AS T1  [ RunTime:0.0087s ]
SQL: SELECT   column_name,   data_type,   column_default,   is_nullable
        FROM    information_schema.tables AS t
        JOIN    information_schema.columns AS c
        ON  t.table_catalog = c.table_catalog
        AND t.table_schema  = c.table_schema
        AND t.table_name    = c.table_name
        WHERE   t.table_name = 'student_score' [ RunTime:0.0094s ]
SQL: SELECT T1.* FROM (SELECT thinkphp.*, ROW_NUMBER() OVER ( ORDER BY rand()) AS ROW_NUMBER FROM (SELECT  sc.school_grade FROM student_score sc LEFT JOIN school s ON s.school_id = sc.school_id  WHERE ( sc.partition_field = 1101012015 AND  s.school_id = 18044 AND s.is_del = 0 AND sc.is_del = 0 ) GROUP BY school_grade ) AS thinkphp) AS T1  [ RunTime:0.0157s ]
SQL: SELECT T1.* FROM (SELECT thinkphp.*, ROW_NUMBER() OVER ( ORDER BY rand()) AS ROW_NUMBER FROM (SELECT  sc.class_num,sc.class_name FROM student_score sc LEFT JOIN school s ON s.school_id = sc.school_id  WHERE ( sc.partition_field = 1101012015 AND  s.school_id = 18044 AND sc.school_grade = 0  AND s.is_del = 0 AND sc.is_del = 0 ) GROUP BY class_num,class_name ) AS thinkphp) AS T1  [ RunTime:0.0130s ]
INFO: [ view_parse ] --START--
INFO: [ template_filter ] --START--
INFO: Run Behavior\ContentReplaceBehavior [ RunTime:0.000088s ]
INFO: [ template_filter ] --END-- [ RunTime:0.000146s ]
NOTIC: [8] Undefined variable: sch_status D:\www\tizhi_new.cc\Application\Runtime\Cache\Home\e3f4dc1f9e3cbee856e17bda8c17e3ad.php 第 220 行.
NOTIC: [8] Undefined variable: sch_status D:\www\tizhi_new.cc\Application\Runtime\Cache\Home\e3f4dc1f9e3cbee856e17bda8c17e3ad.php 第 221 行.
NOTIC: [8] Undefined variable: sch_status D:\www\tizhi_new.cc\Application\Runtime\Cache\Home\e3f4dc1f9e3cbee856e17bda8c17e3ad.php 第 222 行.
NOTIC: [8] Undefined variable: sch_status D:\www\tizhi_new.cc\Application\Runtime\Cache\Home\e3f4dc1f9e3cbee856e17bda8c17e3ad.php 第 222 行.
NOTIC: [8] Undefined variable: sch_status D:\www\tizhi_new.cc\Application\Runtime\Cache\Home\e3f4dc1f9e3cbee856e17bda8c17e3ad.php 第 223 行.
NOTIC: [8] Undefined variable: sch_status D:\www\tizhi_new.cc\Application\Runtime\Cache\Home\e3f4dc1f9e3cbee856e17bda8c17e3ad.php 第 224 行.
NOTIC: [8] Undefined variable: stuinfos D:\www\tizhi_new.cc\Application\Runtime\Cache\Home\e3f4dc1f9e3cbee856e17bda8c17e3ad.php 第 230 行.
INFO: Run Behavior\ParseTemplateBehavior [ RunTime:0.014171s ]
INFO: [ view_parse ] --END-- [ RunTime:0.014223s ]
INFO: [ view_filter ] --START--
INFO: Run Behavior\WriteHtmlCacheBehavior [ RunTime:0.000501s ]
INFO: [ view_filter ] --END-- [ RunTime:0.000549s ]
INFO: [ app_end ] --START--
INFO: Run Behavior\ShowPageTraceBehavior [ RunTime:0.000923s ]
INFO: [ app_end ] --END-- [ RunTime:0.001000s ]

[ 2015-10-14T20:27:28+08:00 ] 127.0.0.1 /index.php/Home/Up/historyPhyData.html
INFO: [ app_init ] --START--
INFO: Run Behavior\BuildLiteBehavior [ RunTime:0.000020s ]
INFO: [ app_init ] --END-- [ RunTime:0.000588s ]
INFO: [ app_begin ] --START--
INFO: Run Behavior\ReadHtmlCacheBehavior [ RunTime:0.000710s ]
INFO: [ app_begin ] --END-- [ RunTime:0.000778s ]
SQL: SELECT   column_name,   data_type,   column_default,   is_nullable
        FROM    information_schema.tables AS t
        JOIN    information_schema.columns AS c
        ON  t.table_catalog = c.table_catalog
        AND t.table_schema  = c.table_schema
        AND t.table_name    = c.table_name
        WHERE   t.table_name = 'school' [ RunTime:0.0097s ]
SQL: SELECT T1.* FROM (SELECT thinkphp.*, ROW_NUMBER() OVER ( ORDER BY rand()) AS ROW_NUMBER FROM (SELECT  [school_id],[school_code],[school_name],[town_id] FROM [school] WHERE ( school_code = '01010246' AND year_year = 2015 ) ) AS thinkphp) AS T1 WHERE (T1.ROW_NUMBER BETWEEN 1 AND 1) [ RunTime:0.0086s ]
SQL: SELECT   column_name,   data_type,   column_default,   is_nullable
        FROM    information_schema.tables AS t
        JOIN    information_schema.columns AS c
        ON  t.table_catalog = c.table_catalog
        AND t.table_schema  = c.table_schema
        AND t.table_name    = c.table_name
        WHERE   t.table_name = 'school_year' [ RunTime:0.0085s ]
SQL: SELECT T1.* FROM (SELECT thinkphp.*, ROW_NUMBER() OVER ( ORDER BY year_year DESC) AS ROW_NUMBER FROM (SELECT  * FROM [school_year] ) AS thinkphp) AS T1  [ RunTime:0.0084s ]
INFO: [ app_end ] --START--
INFO: Run Behavior\ShowPageTraceBehavior [ RunTime:0.000789s ]
INFO: [ app_end ] --END-- [ RunTime:0.000844s ]

[ 2015-10-14T20:27:31+08:00 ] 127.0.0.1 /index.php/Home/Show/upNum.html
INFO: [ app_init ] --START--
INFO: Run Behavior\BuildLiteBehavior [ RunTime:0.000020s ]
INFO: [ app_init ] --END-- [ RunTime:0.000589s ]
INFO: [ app_begin ] --START--
INFO: Run Behavior\ReadHtmlCacheBehavior [ RunTime:0.000724s ]
INFO: [ app_begin ] --END-- [ RunTime:0.000792s ]
SQL: SELECT   column_name,   data_type,   column_default,   is_nullable
        FROM    information_schema.tables AS t
        JOIN    information_schema.columns AS c
        ON  t.table_catalog = c.table_catalog
        AND t.table_schema  = c.table_schema
        AND t.table_name    = c.table_name
        WHERE   t.table_name = 'school' [ RunTime:0.0096s ]
SQL: SELECT T1.* FROM (SELECT thinkphp.*, ROW_NUMBER() OVER ( ORDER BY rand()) AS ROW_NUMBER FROM (SELECT  [school_id],[school_code],[school_name],[town_id] FROM [school] WHERE ( school_code = '01010246' AND year_year = 2015 ) ) AS thinkphp) AS T1 WHERE (T1.ROW_NUMBER BETWEEN 1 AND 1) [ RunTime:0.0084s ]
SQL: SELECT   column_name,   data_type,   column_default,   is_nullable
        FROM    information_schema.tables AS t
        JOIN    information_schema.columns AS c
        ON  t.table_catalog = c.table_catalog
        AND t.table_schema  = c.table_schema
        AND t.table_name    = c.table_name
        WHERE   t.table_name = 'school_year' [ RunTime:0.0088s ]
SQL: SELECT T1.* FROM (SELECT thinkphp.*, ROW_NUMBER() OVER ( ORDER BY year_year DESC) AS ROW_NUMBER FROM (SELECT  * FROM [school_year] ) AS thinkphp) AS T1  [ RunTime:0.0083s ]
SQL: SELECT   column_name,   data_type,   column_default,   is_nullable
        FROM    information_schema.tables AS t
        JOIN    information_schema.columns AS c
        ON  t.table_catalog = c.table_catalog
        AND t.table_schema  = c.table_schema
        AND t.table_name    = c.table_name
        WHERE   t.table_name = 'student_score' [ RunTime:0.0089s ]
SQL: SELECT T1.* FROM (SELECT thinkphp.*, ROW_NUMBER() OVER ( ORDER BY rand()) AS ROW_NUMBER FROM (SELECT  sc.school_grade FROM student_score sc LEFT JOIN school s ON s.school_id = sc.school_id  WHERE ( sc.partition_field = 1101012015 AND  s.school_id = 18044 AND s.is_del = 0 AND sc.is_del = 0 ) GROUP BY school_grade ) AS thinkphp) AS T1  [ RunTime:0.0140s ]
SQL: SELECT T1.* FROM (SELECT thinkphp.*, ROW_NUMBER() OVER ( ORDER BY rand()) AS ROW_NUMBER FROM (SELECT  sc.class_num,sc.class_name FROM student_score sc LEFT JOIN school s ON s.school_id = sc.school_id  WHERE ( sc.partition_field = 1101012015 AND  s.school_id = 18044 AND sc.school_grade = 0  AND s.is_del = 0 AND sc.is_del = 0 ) GROUP BY class_num,class_name ) AS thinkphp) AS T1  [ RunTime:0.0128s ]
INFO: [ view_parse ] --START--
INFO: [ template_filter ] --START--
INFO: Run Behavior\ContentReplaceBehavior [ RunTime:0.000085s ]
INFO: [ template_filter ] --END-- [ RunTime:0.000133s ]
NOTIC: [8] Undefined variable: sch_status D:\www\tizhi_new.cc\Application\Runtime\Cache\Home\e3f4dc1f9e3cbee856e17bda8c17e3ad.php 第 220 行.
NOTIC: [8] Undefined variable: sch_status D:\www\tizhi_new.cc\Application\Runtime\Cache\Home\e3f4dc1f9e3cbee856e17bda8c17e3ad.php 第 221 行.
NOTIC: [8] Undefined variable: sch_status D:\www\tizhi_new.cc\Application\Runtime\Cache\Home\e3f4dc1f9e3cbee856e17bda8c17e3ad.php 第 222 行.
NOTIC: [8] Undefined variable: sch_status D:\www\tizhi_new.cc\Application\Runtime\Cache\Home\e3f4dc1f9e3cbee856e17bda8c17e3ad.php 第 222 行.
NOTIC: [8] Undefined variable: sch_status D:\www\tizhi_new.cc\Application\Runtime\Cache\Home\e3f4dc1f9e3cbee856e17bda8c17e3ad.php 第 223 行.
NOTIC: [8] Undefined variable: sch_status D:\www\tizhi_new.cc\Application\Runtime\Cache\Home\e3f4dc1f9e3cbee856e17bda8c17e3ad.php 第 224 行.
NOTIC: [8] Undefined variable: stuinfos D:\www\tizhi_new.cc\Application\Runtime\Cache\Home\e3f4dc1f9e3cbee856e17bda8c17e3ad.php 第 230 行.
INFO: Run Behavior\ParseTemplateBehavior [ RunTime:0.012785s ]
INFO: [ view_parse ] --END-- [ RunTime:0.012843s ]
INFO: [ view_filter ] --START--
INFO: Run Behavior\WriteHtmlCacheBehavior [ RunTime:0.000404s ]
INFO: [ view_filter ] --END-- [ RunTime:0.000450s ]
INFO: [ app_end ] --START--
INFO: Run Behavior\ShowPageTraceBehavior [ RunTime:0.000785s ]
INFO: [ app_end ] --END-- [ RunTime:0.000849s ]

